<?xml version="1.0" encoding="UTF-8"?>
<testsuite xmlns:xsi="http://www.w3.org/2001/XMLSchema-instance" xsi:noNamespaceSchemaLocation="https://maven.apache.org/surefire/maven-surefire-plugin/xsd/surefire-test-report.xsd" version="3.0.2" name="br.com.iaragames.loja.LojaApplicationTests" time="5.971" tests="1" errors="0" skipped="0" failures="0">
  <properties>
[...]
</properties>
  <testcase name="contextLoads" classname="br.com.iaragames.loja.LojaApplicationTests" time="0.485">
    <system-out><![CDATA[11:46:32.221 [main] INFO org.springframework.test.context.support.AnnotationConfigContextLoaderUtils -- Could not detect default configuration classes for test class [br.com.iaragames.loja.LojaApplicationTests]: LojaApplicationTests does not declare any static, non-private, non-final, nested classes annotated with @Configuration.
11:46:32.342 [main] INFO org.springframework.boot.test.context.SpringBootTestContextBootstrapper -- Found @SpringBootConfiguration br.com.iaragames.loja.LojaApplication for test class br.com.iaragames.loja.LojaApplicationTests
11:46:32.514 [main] INFO org.springframework.boot.devtools.restart.RestartApplicationListener -- Restart disabled due to context in which it is running

  .   ____          _            __ _ _
 /\\ / ___'_ __ _ _(_)_ __  __ _ \ \ \ \
( ( )\___ | '_ | '_| | '_ \/ _` | \ \ \ \
 \\/  ___)| |_)| | | | | || (_| |  ) ) ) )
  '  |____| .__|_| |_|_| |_\__, | / / / /
 =========|_|==============|___/=/_/_/_/

 :: Spring Boot ::                (v3.4.3)

2025-03-09T11:46:32.798-03:00  INFO 2864 --- [loja] [           main] b.c.iaragames.loja.LojaApplicationTests  : Starting LojaApplicationTests using Java 23.0.2 with PID 2864 (started by patei in F:\FIAP\CAP5\loja\loja)
2025-03-09T11:46:32.799-03:00  INFO 2864 --- [loja] [           main] b.c.iaragames.loja.LojaApplicationTests  : No active profile set, falling back to 1 default profile: "default"
2025-03-09T11:46:33.269-03:00  INFO 2864 --- [loja] [           main] .s.d.r.c.RepositoryConfigurationDelegate : Bootstrapping Spring Data JPA repositories in DEFAULT mode.
2025-03-09T11:46:33.316-03:00  INFO 2864 --- [loja] [           main] .s.d.r.c.RepositoryConfigurationDelegate : Finished Spring Data repository scanning in 36 ms. Found 2 JPA repository interfaces.
2025-03-09T11:46:34.035-03:00  INFO 2864 --- [loja] [           main] o.hibernate.jpa.internal.util.LogHelper  : HHH000204: Processing PersistenceUnitInfo [name: default]
2025-03-09T11:46:34.088-03:00  INFO 2864 --- [loja] [           main] org.hibernate.Version                    : HHH000412: Hibernate ORM core version 6.6.8.Final
2025-03-09T11:46:34.119-03:00  INFO 2864 --- [loja] [           main] o.h.c.internal.RegionFactoryInitiator    : HHH000026: Second-level cache disabled
2025-03-09T11:46:34.434-03:00  INFO 2864 --- [loja] [           main] o.s.o.j.p.SpringPersistenceUnitInfo      : No LoadTimeWeaver setup: ignoring JPA class transformer
2025-03-09T11:46:34.463-03:00  INFO 2864 --- [loja] [           main] com.zaxxer.hikari.HikariDataSource       : HikariPool-1 - Starting...
2025-03-09T11:46:34.851-03:00  INFO 2864 --- [loja] [           main] com.zaxxer.hikari.pool.HikariPool        : HikariPool-1 - Added connection oracle.jdbc.driver.T4CConnection@2d4f67e
2025-03-09T11:46:34.858-03:00  INFO 2864 --- [loja] [           main] com.zaxxer.hikari.HikariDataSource       : HikariPool-1 - Start completed.
2025-03-09T11:46:35.022-03:00  WARN 2864 --- [loja] [           main] org.hibernate.orm.deprecation            : HHH90000025: OracleDialect does not need to be specified explicitly using 'hibernate.dialect' (remove the property setting and it will be selected by default)
2025-03-09T11:46:35.125-03:00  INFO 2864 --- [loja] [           main] org.hibernate.orm.connections.pooling    : HHH10001005: Database info:
	Database JDBC URL [Connecting through datasource 'HikariDataSource (HikariPool-1)']
	Database driver: undefined/unknown
	Database version: 21.3
	Autocommit mode: undefined/unknown
	Isolation level: undefined/unknown
	Minimum pool size: undefined/unknown
	Maximum pool size: undefined/unknown
2025-03-09T11:46:35.913-03:00  INFO 2864 --- [loja] [           main] o.h.e.t.j.p.i.JtaPlatformInitiator       : HHH000489: No JTA platform available (set 'hibernate.transaction.jta.platform' to enable JTA platform integration)
2025-03-09T11:46:36.639-03:00  INFO 2864 --- [loja] [           main] j.LocalContainerEntityManagerFactoryBean : Initialized JPA EntityManagerFactory for persistence unit 'default'
2025-03-09T11:46:37.124-03:00  WARN 2864 --- [loja] [           main] JpaBaseConfiguration$JpaWebConfiguration : spring.jpa.open-in-view is enabled by default. Therefore, database queries may be performed during view rendering. Explicitly configure spring.jpa.open-in-view to disable this warning
2025-03-09T11:46:37.145-03:00  INFO 2864 --- [loja] [           main] o.s.b.a.w.s.WelcomePageHandlerMapping    : Adding welcome page template: index
2025-03-09T11:46:37.502-03:00  INFO 2864 --- [loja] [           main] b.c.iaragames.loja.LojaApplicationTests  : Started LojaApplicationTests in 5.002 seconds (process running for 6.054)
]]></system-out>
    <system-err><![CDATA[Mockito is currently self-attaching to enable the inline-mock-maker. This will no longer work in future releases of the JDK. Please add Mockito as an agent to your build what is described in Mockito's documentation: https://javadoc.io/doc/org.mockito/mockito-core/latest/org/mockito/Mockito.html#0.3
WARNING: A Java agent has been loaded dynamically (C:\Users\patei\.m2\repository\net\bytebuddy\byte-buddy-agent\1.15.11\byte-buddy-agent-1.15.11.jar)
WARNING: If a serviceability tool is in use, please run with -XX:+EnableDynamicAgentLoading to hide this warning
WARNING: If a serviceability tool is not in use, please run with -Djdk.instrument.traceUsage for more information
WARNING: Dynamic loading of agents will be disallowed by default in a future release
]]></system-err>
  </testcase>
</testsuite>